C:\Ястребов\OlympusPortal\OlympusPortal\App\material.modul.js
C:\Ястребов\OlympusPortal\OlympusPortal\App\material.modul.js.map
C:\Ястребов\OlympusPortal\OlympusPortal\App\model\common.js
C:\Ястребов\OlympusPortal\OlympusPortal\App\model\common.js.map
C:\Ястребов\OlympusPortal\OlympusPortal\App\services\transport.js
C:\Ястребов\OlympusPortal\OlympusPortal\App\services\transport.js.map
C:\Ястребов\OlympusPortal\OlympusPortal\App\classes\urls.js
C:\Ястребов\OlympusPortal\OlympusPortal\App\classes\urls.js.map
C:\Ястребов\OlympusPortal\OlympusPortal\App\classes\requests\authorizationRequest.js
C:\Ястребов\OlympusPortal\OlympusPortal\App\classes\requests\authorizationRequest.js.map
C:\Ястребов\OlympusPortal\OlympusPortal\App\classes\response\accountResponse.js
C:\Ястребов\OlympusPortal\OlympusPortal\App\classes\response\accountResponse.js.map
C:\Ястребов\OlympusPortal\OlympusPortal\App\model\user.js
C:\Ястребов\OlympusPortal\OlympusPortal\App\model\user.js.map
C:\Ястребов\OlympusPortal\OlympusPortal\App\services\authentication.js
C:\Ястребов\OlympusPortal\OlympusPortal\App\services\authentication.js.map
C:\Ястребов\OlympusPortal\OlympusPortal\App\classes\requests\emailRequest.js
C:\Ястребов\OlympusPortal\OlympusPortal\App\classes\requests\emailRequest.js.map
C:\Ястребов\OlympusPortal\OlympusPortal\App\services\page.js
C:\Ястребов\OlympusPortal\OlympusPortal\App\services\page.js.map
C:\Ястребов\OlympusPortal\OlympusPortal\App\services\email.js
C:\Ястребов\OlympusPortal\OlympusPortal\App\services\email.js.map
C:\Ястребов\OlympusPortal\OlympusPortal\App\app.js
C:\Ястребов\OlympusPortal\OlympusPortal\App\app.js.map
C:\Ястребов\OlympusPortal\OlympusPortal\App\model\account.js
C:\Ястребов\OlympusPortal\OlympusPortal\App\model\account.js.map
C:\Ястребов\OlympusPortal\OlympusPortal\App\model\command.js
C:\Ястребов\OlympusPortal\OlympusPortal\App\model\command.js.map
C:\Ястребов\OlympusPortal\OlympusPortal\App\classes\response\commandsResponse.js
C:\Ястребов\OlympusPortal\OlympusPortal\App\classes\response\commandsResponse.js.map
C:\Ястребов\OlympusPortal\OlympusPortal\App\classes\response\commandFilterResponse.js
C:\Ястребов\OlympusPortal\OlympusPortal\App\classes\response\commandFilterResponse.js.map
C:\Ястребов\OlympusPortal\OlympusPortal\App\services\public.js
C:\Ястребов\OlympusPortal\OlympusPortal\App\services\public.js.map
C:\Ястребов\OlympusPortal\OlympusPortal\App\model\news.js
C:\Ястребов\OlympusPortal\OlympusPortal\App\model\news.js.map
C:\Ястребов\OlympusPortal\OlympusPortal\App\classes\response\newsResponse.js
C:\Ястребов\OlympusPortal\OlympusPortal\App\classes\response\newsResponse.js.map
C:\Ястребов\OlympusPortal\OlympusPortal\App\services\news.js
C:\Ястребов\OlympusPortal\OlympusPortal\App\services\news.js.map
C:\Ястребов\OlympusPortal\OlympusPortal\App\components\public\home.js
C:\Ястребов\OlympusPortal\OlympusPortal\App\components\public\home.js.map
C:\Ястребов\OlympusPortal\OlympusPortal\App\components\comand\comand.js
C:\Ястребов\OlympusPortal\OlympusPortal\App\components\comand\comand.js.map
C:\Ястребов\OlympusPortal\OlympusPortal\App\components\current-tournaments\current-tournaments.js
C:\Ястребов\OlympusPortal\OlympusPortal\App\components\current-tournaments\current-tournaments.js.map
C:\Ястребов\OlympusPortal\OlympusPortal\App\components\new-tournaments\new-tournaments.js
C:\Ястребов\OlympusPortal\OlympusPortal\App\components\new-tournaments\new-tournaments.js.map
C:\Ястребов\OlympusPortal\OlympusPortal\App\components\past-tournaments\past-tournaments.js
C:\Ястребов\OlympusPortal\OlympusPortal\App\components\past-tournaments\past-tournaments.js.map
C:\Ястребов\OlympusPortal\OlympusPortal\App\classes\requests\accountRequest.js
C:\Ястребов\OlympusPortal\OlympusPortal\App\classes\requests\accountRequest.js.map
C:\Ястребов\OlympusPortal\OlympusPortal\App\services\account.js
C:\Ястребов\OlympusPortal\OlympusPortal\App\services\account.js.map
C:\Ястребов\OlympusPortal\OlympusPortal\App\services\image.js
C:\Ястребов\OlympusPortal\OlympusPortal\App\services\image.js.map
C:\Ястребов\OlympusPortal\OlympusPortal\App\components\cabinet\cabinet.js
C:\Ястребов\OlympusPortal\OlympusPortal\App\components\cabinet\cabinet.js.map
C:\Ястребов\OlympusPortal\OlympusPortal\App\components\news\news.js
C:\Ястребов\OlympusPortal\OlympusPortal\App\components\news\news.js.map
C:\Ястребов\OlympusPortal\OlympusPortal\App\components\foto\foto.js
C:\Ястребов\OlympusPortal\OlympusPortal\App\components\foto\foto.js.map
C:\Ястребов\OlympusPortal\OlympusPortal\App\model\video.js
C:\Ястребов\OlympusPortal\OlympusPortal\App\model\video.js.map
C:\Ястребов\OlympusPortal\OlympusPortal\App\components\video\video-command.js
C:\Ястребов\OlympusPortal\OlympusPortal\App\components\video\video-command.js.map
C:\Ястребов\OlympusPortal\OlympusPortal\App\app.routes.js
C:\Ястребов\OlympusPortal\OlympusPortal\App\app.routes.js.map
C:\Ястребов\OlympusPortal\OlympusPortal\App\app.module.js
C:\Ястребов\OlympusPortal\OlympusPortal\App\app.module.js.map
C:\Ястребов\OlympusPortal\OlympusPortal\App\main.js
C:\Ястребов\OlympusPortal\OlympusPortal\App\main.js.map
C:\Ястребов\OlympusPortal\OlympusPortal\App\polyfills.js
C:\Ястребов\OlympusPortal\OlympusPortal\App\polyfills.js.map
C:\Ястребов\OlympusPortal\OlympusPortal\App\vendor.js
C:\Ястребов\OlympusPortal\OlympusPortal\App\vendor.js.map
C:\Ястребов\OlympusPortal\OlympusPortal\App\material.modul.js
C:\Ястребов\OlympusPortal\OlympusPortal\App\material.modul.js.map
C:\Ястребов\OlympusPortal\OlympusPortal\App\model\common.js
C:\Ястребов\OlympusPortal\OlympusPortal\App\model\common.js.map
C:\Ястребов\OlympusPortal\OlympusPortal\App\services\transport.js
C:\Ястребов\OlympusPortal\OlympusPortal\App\services\transport.js.map
C:\Ястребов\OlympusPortal\OlympusPortal\App\classes\urls.js
C:\Ястребов\OlympusPortal\OlympusPortal\App\classes\urls.js.map
C:\Ястребов\OlympusPortal\OlympusPortal\App\classes\requests\authorizationRequest.js
C:\Ястребов\OlympusPortal\OlympusPortal\App\classes\requests\authorizationRequest.js.map
C:\Ястребов\OlympusPortal\OlympusPortal\App\classes\response\accountResponse.js
C:\Ястребов\OlympusPortal\OlympusPortal\App\classes\response\accountResponse.js.map
C:\Ястребов\OlympusPortal\OlympusPortal\App\model\user.js
C:\Ястребов\OlympusPortal\OlympusPortal\App\model\user.js.map
C:\Ястребов\OlympusPortal\OlympusPortal\App\services\authentication.js
C:\Ястребов\OlympusPortal\OlympusPortal\App\services\authentication.js.map
C:\Ястребов\OlympusPortal\OlympusPortal\App\classes\requests\emailRequest.js
C:\Ястребов\OlympusPortal\OlympusPortal\App\classes\requests\emailRequest.js.map
C:\Ястребов\OlympusPortal\OlympusPortal\App\services\page.js
C:\Ястребов\OlympusPortal\OlympusPortal\App\services\page.js.map
C:\Ястребов\OlympusPortal\OlympusPortal\App\services\email.js
C:\Ястребов\OlympusPortal\OlympusPortal\App\services\email.js.map
C:\Ястребов\OlympusPortal\OlympusPortal\App\app.js
C:\Ястребов\OlympusPortal\OlympusPortal\App\app.js.map
C:\Ястребов\OlympusPortal\OlympusPortal\App\model\account.js
C:\Ястребов\OlympusPortal\OlympusPortal\App\model\account.js.map
C:\Ястребов\OlympusPortal\OlympusPortal\App\model\command.js
C:\Ястребов\OlympusPortal\OlympusPortal\App\model\command.js.map
C:\Ястребов\OlympusPortal\OlympusPortal\App\classes\response\commandsResponse.js
C:\Ястребов\OlympusPortal\OlympusPortal\App\classes\response\commandsResponse.js.map
C:\Ястребов\OlympusPortal\OlympusPortal\App\classes\response\commandFilterResponse.js
C:\Ястребов\OlympusPortal\OlympusPortal\App\classes\response\commandFilterResponse.js.map
C:\Ястребов\OlympusPortal\OlympusPortal\App\services\public.js
C:\Ястребов\OlympusPortal\OlympusPortal\App\services\public.js.map
C:\Ястребов\OlympusPortal\OlympusPortal\App\model\news.js
C:\Ястребов\OlympusPortal\OlympusPortal\App\model\news.js.map
C:\Ястребов\OlympusPortal\OlympusPortal\App\classes\response\newsResponse.js
C:\Ястребов\OlympusPortal\OlympusPortal\App\classes\response\newsResponse.js.map
C:\Ястребов\OlympusPortal\OlympusPortal\App\services\news.js
C:\Ястребов\OlympusPortal\OlympusPortal\App\services\news.js.map
C:\Ястребов\OlympusPortal\OlympusPortal\App\components\public\home.js
C:\Ястребов\OlympusPortal\OlympusPortal\App\components\public\home.js.map
C:\Ястребов\OlympusPortal\OlympusPortal\App\components\comand\comand.js
C:\Ястребов\OlympusPortal\OlympusPortal\App\components\comand\comand.js.map
C:\Ястребов\OlympusPortal\OlympusPortal\App\components\current-tournaments\current-tournaments.js
C:\Ястребов\OlympusPortal\OlympusPortal\App\components\current-tournaments\current-tournaments.js.map
C:\Ястребов\OlympusPortal\OlympusPortal\App\components\new-tournaments\new-tournaments.js
C:\Ястребов\OlympusPortal\OlympusPortal\App\components\new-tournaments\new-tournaments.js.map
C:\Ястребов\OlympusPortal\OlympusPortal\App\components\past-tournaments\past-tournaments.js
C:\Ястребов\OlympusPortal\OlympusPortal\App\components\past-tournaments\past-tournaments.js.map
C:\Ястребов\OlympusPortal\OlympusPortal\App\classes\requests\accountRequest.js
C:\Ястребов\OlympusPortal\OlympusPortal\App\classes\requests\accountRequest.js.map
C:\Ястребов\OlympusPortal\OlympusPortal\App\services\account.js
C:\Ястребов\OlympusPortal\OlympusPortal\App\services\account.js.map
C:\Ястребов\OlympusPortal\OlympusPortal\App\services\image.js
C:\Ястребов\OlympusPortal\OlympusPortal\App\services\image.js.map
C:\Ястребов\OlympusPortal\OlympusPortal\App\components\cabinet\cabinet.js
C:\Ястребов\OlympusPortal\OlympusPortal\App\components\cabinet\cabinet.js.map
C:\Ястребов\OlympusPortal\OlympusPortal\App\components\news\news.js
C:\Ястребов\OlympusPortal\OlympusPortal\App\components\news\news.js.map
C:\Ястребов\OlympusPortal\OlympusPortal\App\components\foto\foto.js
C:\Ястребов\OlympusPortal\OlympusPortal\App\components\foto\foto.js.map
C:\Ястребов\OlympusPortal\OlympusPortal\App\model\video.js
C:\Ястребов\OlympusPortal\OlympusPortal\App\model\video.js.map
C:\Ястребов\OlympusPortal\OlympusPortal\App\components\video\video-command.js
C:\Ястребов\OlympusPortal\OlympusPortal\App\components\video\video-command.js.map
C:\Ястребов\OlympusPortal\OlympusPortal\App\app.routes.js
C:\Ястребов\OlympusPortal\OlympusPortal\App\app.routes.js.map
C:\Ястребов\OlympusPortal\OlympusPortal\App\app.module.js
C:\Ястребов\OlympusPortal\OlympusPortal\App\app.module.js.map
C:\Ястребов\OlympusPortal\OlympusPortal\App\main.js
C:\Ястребов\OlympusPortal\OlympusPortal\App\main.js.map
C:\Ястребов\OlympusPortal\OlympusPortal\App\polyfills.js
C:\Ястребов\OlympusPortal\OlympusPortal\App\polyfills.js.map
C:\Ястребов\OlympusPortal\OlympusPortal\App\vendor.js
C:\Ястребов\OlympusPortal\OlympusPortal\App\vendor.js.map
